<?xml version="1.0" encoding="UTF-8"?>
<testng-results skipped="0" failed="0" ignored="0" total="1" passed="1">
  <reporter-output>
  </reporter-output>
  <suite name="Default suite" duration-ms="71341" started-at="2020-03-04T03:17:53Z" finished-at="2020-03-04T03:19:05Z">
    <groups>
    </groups>
    <test name="Default test" duration-ms="71341" started-at="2020-03-04T03:17:53Z" finished-at="2020-03-04T03:19:05Z">
      <class name="Test.AddTocart">
        <test-method status="PASS" signature="Beforetest()[pri:0, instance:Test.AddTocart@47c62251]" name="Beforetest" is-config="true" duration-ms="21298" started-at="2020-03-04T03:17:53Z" finished-at="2020-03-04T03:18:15Z">
          <reporter-output>
          </reporter-output>
        </test-method> <!-- Beforetest -->
        <test-method status="PASS" signature="TestAdd()[pri:0, instance:Test.AddTocart@47c62251]" name="TestAdd" duration-ms="41776" started-at="2020-03-04T03:18:15Z" finished-at="2020-03-04T03:18:56Z">
          <reporter-output>
          </reporter-output>
        </test-method> <!-- TestAdd -->
        <test-method status="PASS" signature="Aftertest()[pri:0, instance:Test.AddTocart@47c62251]" name="Aftertest" is-config="true" duration-ms="8222" started-at="2020-03-04T03:18:56Z" finished-at="2020-03-04T03:19:05Z">
          <reporter-output>
          </reporter-output>
        </test-method> <!-- Aftertest -->
      </class> <!-- Test.AddTocart -->
    </test> <!-- Default test -->
  </suite> <!-- Default suite -->
</testng-results>
